<?xml version="1.0" encoding="UTF-8"?>
<!-- Generated by org.testng.reporters.JUnitReportReporter -->
<testsuite skipped="0" hostname="Hitendra-PC" name="com.wordpress.qa.testcases.AddNewUserPageTest" tests="2" failures="0" timestamp="07 Dec 2019 13:54:57 GMT" time="34.334" errors="0">
  <testcase name="addNewUserTest" time="20.463" classname="com.wordpress.qa.testcases.AddNewUserPageTest"/>
  <testcase name="addNewUserTest" time="13.871" classname="com.wordpress.qa.testcases.AddNewUserPageTest"/>
</testsuite> <!-- com.wordpress.qa.testcases.AddNewUserPageTest -->
