<?xml version="1.0" encoding="UTF-8"?>
<!-- Generated by org.testng.reporters.JUnitReportReporter -->
<testsuite skipped="0" hostname="HW1533" name="com.wordpress.qa.testcases.LoginPageTest" tests="3" failures="0" timestamp="16 Sep 2019 16:17:54 GMT" time="49.684" errors="0">
  <testcase name="loginTest" time="15.366" classname="com.wordpress.qa.testcases.LoginPageTest"/>
  <testcase name="loginWordPresslogoTest" time="9.472" classname="com.wordpress.qa.testcases.LoginPageTest"/>
  <testcase name="loginPageTitleTest" time="24.846" classname="com.wordpress.qa.testcases.LoginPageTest"/>
</testsuite> <!-- com.wordpress.qa.testcases.LoginPageTest -->
