<?xml version="1.0" encoding="UTF-8"?>
<!-- Generated by org.testng.reporters.JUnitReportReporter -->
<testsuite skipped="0" hostname="HW1533" name="com.wordpress.qa.testcases.LoginPageTest" tests="2" failures="0" timestamp="02 Oct 2019 17:15:47 GMT" time="19.277" errors="0">
  <testcase name="loginTest" time="10.985" classname="com.wordpress.qa.testcases.LoginPageTest"/>
  <testcase name="loginPageTitleTest" time="8.292" classname="com.wordpress.qa.testcases.LoginPageTest"/>
</testsuite> <!-- com.wordpress.qa.testcases.LoginPageTest -->
