<?xml version="1.0" encoding="UTF-8"?>
<!-- Generated by org.testng.reporters.JUnitReportReporter -->
<testsuite skipped="0" hostname="Hitendra-PC" name="com.wordpress.qa.testcases.LoginPageTest" tests="2" failures="0" timestamp="07 Dec 2019 14:03:00 GMT" time="21.129" errors="0">
  <testcase name="loginTest" time="13.776" classname="com.wordpress.qa.testcases.LoginPageTest"/>
  <testcase name="loginPageTitleTest" time="7.353" classname="com.wordpress.qa.testcases.LoginPageTest"/>
</testsuite> <!-- com.wordpress.qa.testcases.LoginPageTest -->
