<?xml version="1.0" encoding="UTF-8"?>
<!-- Generated by org.testng.reporters.JUnitReportReporter -->
<testsuite skipped="0" hostname="HW1533" name="com.wordpress.qa.testcases.HomePageTest" tests="3" failures="0" timestamp="02 Oct 2019 14:35:15 GMT" time="39.087" errors="0">
  <testcase name="verifyUserNameTest" time="9.637" classname="com.wordpress.qa.testcases.HomePageTest"/>
  <testcase name="homePageTitleTest" time="10.679" classname="com.wordpress.qa.testcases.HomePageTest"/>
  <testcase name="verifyAddNewPostLinkTest" time="18.771" classname="com.wordpress.qa.testcases.HomePageTest"/>
</testsuite> <!-- com.wordpress.qa.testcases.HomePageTest -->
