<?xml version="1.0" encoding="UTF-8"?>
<!-- Generated by org.testng.reporters.JUnitReportReporter -->
<testsuite skipped="0" hostname="HW1533" name="com.wordpress.qa.testcases.HomePageTest" tests="3" failures="0" timestamp="16 Sep 2019 16:17:54 GMT" time="50.949" errors="0">
  <testcase name="homePageTitleTest" time="11.545" classname="com.wordpress.qa.testcases.HomePageTest"/>
  <testcase name="verifyAddNewPostLinkTest" time="25.467" classname="com.wordpress.qa.testcases.HomePageTest"/>
  <testcase name="verifyUserNameTest" time="13.937" classname="com.wordpress.qa.testcases.HomePageTest"/>
</testsuite> <!-- com.wordpress.qa.testcases.HomePageTest -->
