<?xml version="1.0" encoding="UTF-8"?>
<!-- Generated by org.testng.reporters.JUnitReportReporter -->
<testsuite skipped="0" hostname="Hitendra-PC" name="com.wordpress.qa.testcases.HomePageTest" tests="3" failures="0" timestamp="07 Dec 2019 13:54:57 GMT" time="32.969" errors="0">
  <testcase name="verifyAddNewPostLinkTest" time="14.976" classname="com.wordpress.qa.testcases.HomePageTest"/>
  <testcase name="homePageTitleTest" time="8.110" classname="com.wordpress.qa.testcases.HomePageTest"/>
  <testcase name="verifyUserNameTest" time="9.883" classname="com.wordpress.qa.testcases.HomePageTest"/>
</testsuite> <!-- com.wordpress.qa.testcases.HomePageTest -->
