<?xml version="1.0" encoding="UTF-8"?>
<!-- Generated by org.testng.reporters.JUnitReportReporter -->
<testsuite skipped="0" hostname="Hitendra-PC" name="com.wordpress.qa.testcases.HomePageTest" tests="2" failures="0" timestamp="07 Dec 2019 15:32:24 GMT" time="20.609" errors="0">
  <testcase name="verifyUserNameTest" time="10.984" classname="com.wordpress.qa.testcases.HomePageTest"/>
  <testcase name="homePageTitleTest" time="9.625" classname="com.wordpress.qa.testcases.HomePageTest"/>
</testsuite> <!-- com.wordpress.qa.testcases.HomePageTest -->
