<?xml version="1.0" encoding="UTF-8"?>
<!-- Generated by org.testng.reporters.JUnitReportReporter -->
<testsuite skipped="0" hostname="Hitendra-PC" name="com.wordpress.qa.testcases.LoginPageTest" tests="1" failures="0" timestamp="07 Dec 2019 15:32:24 GMT" time="8.046" errors="0">
  <testcase name="loginWordPresslogoTest" time="8.046" classname="com.wordpress.qa.testcases.LoginPageTest"/>
</testsuite> <!-- com.wordpress.qa.testcases.LoginPageTest -->
